TN:
SF:src/server.js
FN:19,(anonymous_0)
FN:24,(anonymous_1)
FNF:2
FNH:1
FNDA:0,(anonymous_0)
FNDA:1,(anonymous_1)
DA:1,1
DA:2,1
DA:3,1
DA:4,1
DA:5,1
DA:6,1
DA:9,1
DA:11,1
DA:13,1
DA:15,1
DA:17,1
DA:19,1
DA:20,0
DA:23,1
DA:24,1
DA:25,1
DA:28,1
LF:17
LH:16
BRF:0
BRH:0
end_of_record
TN:
SF:src/config/db.js
FN:3,(anonymous_0)
FNF:1
FNH:1
FNDA:1,(anonymous_0)
DA:1,1
DA:3,1
DA:4,1
DA:5,1
DA:6,1
DA:8,0
DA:9,0
DA:13,1
LF:8
LH:6
BRF:0
BRH:0
end_of_record
TN:
SF:src/controllers/AuthController.js
FN:8,(anonymous_0)
FNF:1
FNH:1
FNDA:4,(anonymous_0)
DA:1,1
DA:2,1
DA:3,1
DA:4,1
DA:9,4
DA:11,4
DA:12,4
DA:14,4
DA:15,0
DA:18,4
DA:19,4
DA:20,1
DA:23,3
DA:29,3
DA:34,0
DA:39,1
LF:16
LH:14
BRDA:14,0,0,0
BRDA:14,0,1,4
BRDA:19,1,0,1
BRDA:19,1,1,3
BRF:4
BRH:3
end_of_record
TN:
SF:src/controllers/OrderController.js
FN:4,(anonymous_0)
FN:18,(anonymous_1)
FN:27,(anonymous_2)
FN:42,(anonymous_3)
FN:60,(anonymous_4)
FNF:5
FNH:4
FNDA:1,(anonymous_0)
FNDA:0,(anonymous_1)
FNDA:1,(anonymous_2)
FNDA:1,(anonymous_3)
FNDA:1,(anonymous_4)
DA:1,1
DA:5,1
DA:7,1
DA:8,1
DA:11,0
DA:19,0
DA:20,0
DA:21,0
DA:23,0
DA:28,1
DA:29,1
DA:30,1
DA:32,1
DA:33,0
DA:36,1
DA:38,0
DA:43,1
DA:44,1
DA:45,1
DA:47,1
DA:48,0
DA:51,1
DA:53,0
DA:61,1
DA:62,1
DA:63,1
DA:65,1
DA:66,0
DA:69,1
DA:71,0
DA:79,1
LF:31
LH:20
BRDA:32,0,0,0
BRDA:32,0,1,1
BRDA:47,1,0,0
BRDA:47,1,1,1
BRDA:65,2,0,0
BRDA:65,2,1,1
BRF:6
BRH:3
end_of_record
TN:
SF:src/controllers/UserController.js
FN:4,(anonymous_0)
FNF:1
FNH:1
FNDA:1,(anonymous_0)
DA:1,1
DA:5,1
DA:6,1
DA:7,1
DA:9,0
DA:17,1
LF:6
LH:5
BRF:0
BRH:0
end_of_record
TN:
SF:src/middlewares/auth.js
FN:3,(anonymous_0)
FN:22,(anonymous_1)
FNF:2
FNH:2
FNDA:7,(anonymous_0)
FNDA:5,(anonymous_1)
DA:1,1
DA:3,1
DA:4,7
DA:6,7
DA:7,1
DA:11,6
DA:12,6
DA:13,0
DA:16,6
DA:18,6
DA:19,1
DA:22,5
DA:23,5
DA:25,5
DA:26,5
DA:27,5
DA:29,5
LF:17
LH:16
BRDA:6,0,0,1
BRDA:6,0,1,6
BRDA:12,1,0,0
BRDA:12,1,1,6
BRDA:18,2,0,1
BRDA:18,2,1,5
BRDA:23,3,0,0
BRDA:23,3,1,5
BRF:8
BRH:6
end_of_record
TN:
SF:src/middlewares/isAdmin.js
FN:1,(anonymous_0)
FNF:1
FNH:1
FNDA:4,(anonymous_0)
DA:1,1
DA:2,4
DA:3,1
DA:8,3
LF:4
LH:4
BRDA:2,0,0,1
BRDA:2,0,1,3
BRF:2
BRH:2
end_of_record
TN:
SF:src/models/Order.js
FN:26,(anonymous_0)
FNF:1
FNH:1
FNDA:1,(anonymous_0)
DA:1,1
DA:3,1
DA:26,1
DA:27,1
DA:29,1
DA:31,1
DA:34,1
LF:7
LH:7
BRF:0
BRH:0
end_of_record
TN:
SF:src/models/Product.js
FNF:0
FNH:0
DA:1,1
DA:3,1
DA:9,1
LF:3
LH:3
BRF:0
BRH:0
end_of_record
TN:
SF:src/models/User.js
FN:18,(anonymous_0)
FN:24,(anonymous_1)
FNF:2
FNH:1
FNDA:4,(anonymous_0)
FNDA:0,(anonymous_1)
DA:1,1
DA:2,1
DA:4,1
DA:18,1
DA:19,4
DA:20,4
DA:21,4
DA:24,1
DA:25,0
DA:28,1
LF:10
LH:9
BRDA:19,0,0,0
BRDA:19,0,1,4
BRF:2
BRH:1
end_of_record
TN:
SF:src/routes/index.js
FNF:0
FNH:0
DA:1,1
DA:2,1
DA:3,1
DA:5,1
DA:7,1
DA:9,1
DA:11,1
LF:7
LH:7
BRF:0
BRH:0
end_of_record
TN:
SF:src/routes/orderRoutes.js
FNF:0
FNH:0
DA:1,1
DA:2,1
DA:3,1
DA:4,1
DA:6,1
DA:9,1
DA:11,1
DA:13,1
DA:15,1
DA:17,1
DA:19,1
LF:11
LH:11
BRF:0
BRH:0
end_of_record
TN:
SF:src/routes/userRoutes.js
FNF:0
FNH:0
DA:1,1
DA:2,1
DA:3,1
DA:5,1
DA:7,1
DA:8,1
DA:10,1
LF:7
LH:7
BRF:0
BRH:0
end_of_record
TN:
SF:src/services/OrderService.js
FN:5,(anonymous_0)
FN:32,(anonymous_1)
FN:41,(anonymous_2)
FN:53,(anonymous_3)
FN:60,(anonymous_4)
FN:69,(anonymous_5)
FN:83,(anonymous_6)
FN:102,(anonymous_7)
FNF:8
FNH:7
FNDA:1,(anonymous_0)
FNDA:1,(anonymous_1)
FNDA:1,(anonymous_2)
FNDA:0,(anonymous_3)
FNDA:1,(anonymous_4)
FNDA:1,(anonymous_5)
FNDA:1,(anonymous_6)
FNDA:1,(anonymous_7)
DA:1,1
DA:2,1
DA:7,1
DA:9,1
DA:10,0
DA:13,1
DA:14,1
DA:15,1
DA:16,0
DA:19,1
DA:20,0
DA:23,1
DA:24,0
DA:28,1
DA:32,1
DA:39,1
DA:41,1
DA:42,1
DA:48,1
DA:50,1
DA:54,0
DA:56,0
DA:62,1
DA:64,1
DA:66,1
DA:71,1
DA:72,1
DA:73,1
DA:74,1
DA:75,0
DA:80,1
DA:83,1
DA:91,1
DA:97,1
DA:99,1
DA:103,1
DA:107,1
LF:37
LH:30
BRDA:9,0,0,0
BRDA:9,0,1,1
BRDA:15,1,0,0
BRDA:15,1,1,1
BRDA:19,2,0,0
BRDA:19,2,1,1
BRDA:23,3,0,0
BRDA:23,3,1,1
BRDA:64,4,0,0
BRDA:64,4,1,1
BRDA:71,5,0,1
BRDA:71,5,1,0
BRDA:71,6,0,1
BRDA:71,6,1,1
BRDA:74,7,0,0
BRDA:74,7,1,1
BRDA:97,8,0,0
BRDA:97,8,1,1
BRF:18
BRH:10
end_of_record
TN:
SF:src/services/UserService.js
FN:4,(anonymous_0)
FNF:1
FNH:1
FNDA:1,(anonymous_0)
DA:1,1
DA:5,1
DA:7,1
DA:8,1
DA:9,0
DA:12,1
DA:14,1
DA:15,1
DA:17,1
DA:21,1
LF:10
LH:9
BRDA:8,0,0,0
BRDA:8,0,1,1
BRF:2
BRH:1
end_of_record
